<?xml version="1.0" encoding="UTF-8"?>
<testng-results ignored="0" total="3" passed="2" failed="1" skipped="0">
  <reporter-output>
  </reporter-output>
  <suite started-at="2021-09-04T08:35:24Z" name="Suite" finished-at="2021-09-04T08:36:00Z" duration-ms="35805">
    <groups>
    </groups>
    <test started-at="2021-09-04T08:35:24Z" name="Test" finished-at="2021-09-04T08:36:00Z" duration-ms="35805">
      <class name="script1.TestLoginpage">
        <test-method is-config="true" signature="openapp()[pri:0, instance:script1.TestLoginpage@70cf32e3]" started-at="2021-09-04T08:35:26Z" name="openapp" finished-at="2021-09-04T08:35:35Z" duration-ms="9336" status="PASS">
          <reporter-output>
          </reporter-output>
        </test-method> <!-- openapp -->
        <test-method signature="validlogin(java.lang.String, java.lang.String)[pri:0, instance:script1.TestLoginpage@70cf32e3]" started-at="2021-09-04T08:35:35Z" name="validlogin" data-provider="getdata" finished-at="2021-09-04T08:35:40Z" duration-ms="5189" status="PASS">
          <params>
            <param index="0">
              <value>
                <![CDATA[mngr350355]]>
              </value>
            </param>
            <param index="1">
              <value>
                <![CDATA[avyzYna]]>
              </value>
            </param>
          </params>
          <reporter-output>
          </reporter-output>
        </test-method> <!-- validlogin -->
        <test-method is-config="true" signature="closeapp()[pri:0, instance:script1.TestLoginpage@70cf32e3]" started-at="2021-09-04T08:35:40Z" name="closeapp" finished-at="2021-09-04T08:35:40Z" duration-ms="284" status="PASS">
          <reporter-output>
          </reporter-output>
        </test-method> <!-- closeapp -->
        <test-method is-config="true" signature="openapp()[pri:0, instance:script1.TestLoginpage@70cf32e3]" started-at="2021-09-04T08:35:40Z" name="openapp" finished-at="2021-09-04T08:35:45Z" duration-ms="4907" status="PASS">
          <reporter-output>
          </reporter-output>
        </test-method> <!-- openapp -->
        <test-method signature="validlogin(java.lang.String, java.lang.String)[pri:0, instance:script1.TestLoginpage@70cf32e3]" started-at="2021-09-04T08:35:45Z" name="validlogin" data-provider="getdata" finished-at="2021-09-04T08:35:49Z" duration-ms="3438" status="FAIL">
          <params>
            <param index="0">
              <value>
                <![CDATA[sdfg]]>
              </value>
            </param>
            <param index="1">
              <value>
                <![CDATA[ghjk]]>
              </value>
            </param>
          </params>
          <exception class="java.lang.AssertionError">
            <message>
              <![CDATA[expected [true] but found [false]]]>
            </message>
            <full-stacktrace>
              <![CDATA[java.lang.AssertionError: expected [true] but found [false]
at org.testng.Assert.fail(Assert.java:96)
at org.testng.Assert.failNotEquals(Assert.java:776)
at org.testng.Assert.assertEqualsImpl(Assert.java:137)
at org.testng.Assert.assertEquals(Assert.java:118)
at org.testng.Assert.assertEquals(Assert.java:568)
at org.testng.Assert.assertEquals(Assert.java:578)
at script1.TestLoginpage.validlogin(TestLoginpage.java:38)
at java.base/jdk.internal.reflect.NativeMethodAccessorImpl.invoke0(Native Method)
at java.base/jdk.internal.reflect.NativeMethodAccessorImpl.invoke(NativeMethodAccessorImpl.java:78)
at java.base/jdk.internal.reflect.DelegatingMethodAccessorImpl.invoke(DelegatingMethodAccessorImpl.java:43)
at java.base/java.lang.reflect.Method.invoke(Method.java:567)
at org.testng.internal.MethodInvocationHelper.invokeMethod(MethodInvocationHelper.java:124)
at org.testng.internal.Invoker.invokeMethod(Invoker.java:583)
at org.testng.internal.Invoker.invokeTestMethod(Invoker.java:719)
at org.testng.internal.Invoker.invokeTestMethods(Invoker.java:989)
at org.testng.internal.TestMethodWorker.invokeTestMethods(TestMethodWorker.java:125)
at org.testng.internal.TestMethodWorker.run(TestMethodWorker.java:109)
at org.testng.TestRunner.privateRun(TestRunner.java:648)
at org.testng.TestRunner.run(TestRunner.java:505)
at org.testng.SuiteRunner.runTest(SuiteRunner.java:455)
at org.testng.SuiteRunner.runSequentially(SuiteRunner.java:450)
at org.testng.SuiteRunner.privateRun(SuiteRunner.java:415)
at org.testng.SuiteRunner.run(SuiteRunner.java:364)
at org.testng.SuiteRunnerWorker.runSuite(SuiteRunnerWorker.java:52)
at org.testng.SuiteRunnerWorker.run(SuiteRunnerWorker.java:84)
at org.testng.TestNG.runSuitesSequentially(TestNG.java:1208)
at org.testng.TestNG.runSuitesLocally(TestNG.java:1137)
at org.testng.TestNG.runSuites(TestNG.java:1049)
at org.testng.TestNG.run(TestNG.java:1017)
at org.testng.remote.AbstractRemoteTestNG.run(AbstractRemoteTestNG.java:115)
at org.testng.remote.RemoteTestNG.initAndRun(RemoteTestNG.java:251)
at org.testng.remote.RemoteTestNG.main(RemoteTestNG.java:77)
]]>
            </full-stacktrace>
          </exception> <!-- java.lang.AssertionError -->
          <reporter-output>
          </reporter-output>
        </test-method> <!-- validlogin -->
        <test-method is-config="true" signature="closeapp()[pri:0, instance:script1.TestLoginpage@70cf32e3]" started-at="2021-09-04T08:35:49Z" name="closeapp" finished-at="2021-09-04T08:35:49Z" duration-ms="241" status="PASS">
          <reporter-output>
          </reporter-output>
        </test-method> <!-- closeapp -->
        <test-method is-config="true" signature="openapp()[pri:0, instance:script1.TestLoginpage@70cf32e3]" started-at="2021-09-04T08:35:49Z" name="openapp" finished-at="2021-09-04T08:35:54Z" duration-ms="4936" status="PASS">
          <reporter-output>
          </reporter-output>
        </test-method> <!-- openapp -->
        <test-method signature="validlogin(java.lang.String, java.lang.String)[pri:0, instance:script1.TestLoginpage@70cf32e3]" started-at="2021-09-04T08:35:54Z" name="validlogin" data-provider="getdata" finished-at="2021-09-04T08:36:00Z" duration-ms="5686" status="PASS">
          <params>
            <param index="0">
              <value>
                <![CDATA[mngr350355]]>
              </value>
            </param>
            <param index="1">
              <value>
                <![CDATA[avyzYna]]>
              </value>
            </param>
          </params>
          <reporter-output>
          </reporter-output>
        </test-method> <!-- validlogin -->
        <test-method is-config="true" signature="closeapp()[pri:0, instance:script1.TestLoginpage@70cf32e3]" started-at="2021-09-04T08:36:00Z" name="closeapp" finished-at="2021-09-04T08:36:00Z" duration-ms="278" status="PASS">
          <reporter-output>
          </reporter-output>
        </test-method> <!-- closeapp -->
      </class> <!-- script1.TestLoginpage -->
    </test> <!-- Test -->
  </suite> <!-- Suite -->
</testng-results>
